[0m12:12:06.564768 [debug] [MainThread]: Sending event: {'category': 'dbt', 'action': 'invocation', 'label': 'start', 'context': [<snowplow_tracker.self_describing_json.SelfDescribingJson object at 0x000001DA97B90AD0>, <snowplow_tracker.self_describing_json.SelfDescribingJson object at 0x000001DA95374A50>, <snowplow_tracker.self_describing_json.SelfDescribingJson object at 0x000001DA9A2A39D0>]}


============================== 12:12:06.569146 | 92223d67-01c3-45ec-8cfb-c020be5d338b ==============================
[0m12:12:06.569146 [info ] [MainThread]: Running with dbt=1.12.0
[0m12:12:06.569731 [debug] [MainThread]: running dbt with arguments {'maximum_seed_size_mib': '1', 'no_print': 'None', 'version_check': 'True', 'target_path': 'None', 'warn_error_options': 'WarnErrorOptionsV2(error=[], warn=[], silence=[])', 'static_parser': 'True', 'printer_width': '80', 'write_json': 'True', 'introspect': 'True', 'log_cache_events': 'False', 'empty': 'None', 'cache_selected_only': 'False', 'log_format': 'default', 'debug': 'False', 'fail_fast': 'False', 'partial_parse': 'True', 'send_anonymous_usage_stats': 'True', 'quiet': 'False', 'warn_error': 'None', 'profiles_dir': 'C:\\Users\\rmont\\.dbt', 'invocation_command': 'dbt init advisor_analytics', 'hints_enabled': 'True', 'indirect_selection': 'eager', 'use_experimental_parser': 'False', 'use_colors': 'True', 'log_path': 'logs'}
[0m12:12:06.587672 [info ] [MainThread]: Creating dbt configuration folder at C:\Users\rmont\.dbt
[0m12:12:06.589909 [debug] [MainThread]: Starter project path: C:\Users\rmont\AppData\Local\Programs\Python\Python314\Lib\site-packages\dbt\include\starter_project
[0m12:12:06.608872 [info ] [MainThread]: Setting up your profile.
[0m12:12:45.152942 [info ] [MainThread]: Profile advisor_analytics written to C:\Users\rmont\.dbt\profiles.yml using target's sample configuration. Once updated, you'll be able to start developing with dbt.
[0m12:12:45.155082 [info ] [MainThread]: Running dbt debug to validate the project...
[0m12:12:45.155680 [info ] [MainThread]: dbt version: 1.12.0
[0m12:12:45.156088 [info ] [MainThread]: python version: 3.14.5
[0m12:12:45.156482 [info ] [MainThread]: python path: C:\Users\rmont\AppData\Local\Programs\Python\Python314\python.exe
[0m12:12:45.156880 [info ] [MainThread]: os info: Windows-10-10.0.19045-SP0
[0m12:12:45.225495 [info ] [MainThread]: Using profiles dir at C:\Users\rmont\.dbt
[0m12:12:45.225954 [info ] [MainThread]: Using profiles.yml file at C:\Users\rmont\.dbt\profiles.yml
[0m12:12:45.226304 [info ] [MainThread]: Using dbt_project.yml file at C:\Users\rmont\Desktop\FinanceBIProject\advisor_analytics\dbt_project.yml
[0m12:12:45.239924 [info ] [MainThread]: adapter type: duckdb
[0m12:12:45.240407 [info ] [MainThread]: adapter version: 1.10.1
[0m12:12:45.349897 [info ] [MainThread]: Configuration:
[0m12:12:45.350400 [info ] [MainThread]:   profiles.yml file [[32mOK found and valid[0m]
[0m12:12:45.350805 [info ] [MainThread]:   dbt_project.yml file [[32mOK found and valid[0m]
[0m12:12:45.351206 [info ] [MainThread]: Required dependencies:
[0m12:12:45.351636 [debug] [MainThread]: Executing "git --help"
[0m12:12:45.379079 [debug] [MainThread]: STDOUT: "b"usage: git [-v | --version] [-h | --help] [-C <path>] [-c <name>=<value>]\n           [--exec-path[=<path>]] [--html-path] [--man-path] [--info-path]\n           [-p | --paginate | -P | --no-pager] [--no-replace-objects] [--no-lazy-fetch]\n           [--no-optional-locks] [--no-advice] [--bare] [--git-dir=<path>]\n           [--work-tree=<path>] [--namespace=<name>] [--config-env=<name>=<envvar>]\n           <command> [<args>]\n\nThese are common Git commands used in various situations:\n\nstart a working area (see also: git help tutorial)\n   clone      Clone a repository into a new directory\n   init       Create an empty Git repository or reinitialize an existing one\n\nwork on the current change (see also: git help everyday)\n   add        Add file contents to the index\n   mv         Move or rename a file, a directory, or a symlink\n   restore    Restore working tree files\n   rm         Remove files from the working tree and from the index\n\nexamine the history and state (see also: git help revisions)\n   bisect     Use binary search to find the commit that introduced a bug\n   diff       Show changes between commits, commit and working tree, etc\n   grep       Print lines matching a pattern\n   log        Show commit logs\n   show       Show various types of objects\n   status     Show the working tree status\n\ngrow, mark and tweak your common history\n   backfill   Download missing objects in a partial clone\n   branch     List, create, or delete branches\n   commit     Record changes to the repository\n   history    EXPERIMENTAL: Rewrite history\n   merge      Join two or more development histories together\n   rebase     Reapply commits on top of another base tip\n   reset      Set `HEAD` or the index to a known state\n   switch     Switch branches\n   tag        Create, list, delete or verify tags\n\ncollaborate (see also: git help workflows)\n   fetch      Download objects and refs from another repository\n   pull       Fetch from and integrate with another repository or a local branch\n   push       Update remote refs along with associated objects\n\n'git help -a' and 'git help -g' list available subcommands and some\nconcept guides. See 'git help <command>' or 'git help <concept>'\nto read about a specific subcommand or concept.\nSee 'git help git' for an overview of the system.\n""
[0m12:12:45.379533 [debug] [MainThread]: STDERR: "b''"
[0m12:12:45.379863 [info ] [MainThread]:  - git [[32mOK found[0m]

[0m12:12:45.380254 [info ] [MainThread]: Connection:
[0m12:12:45.380622 [info ] [MainThread]:   database: dev
[0m12:12:45.380962 [info ] [MainThread]:   schema: main
[0m12:12:45.381297 [info ] [MainThread]:   path: dev.duckdb
[0m12:12:45.381600 [info ] [MainThread]:   config_options: None
[0m12:12:45.381896 [info ] [MainThread]:   extensions: None
[0m12:12:45.382192 [info ] [MainThread]:   settings: {}
[0m12:12:45.382490 [info ] [MainThread]:   external_root: .
[0m12:12:45.382829 [info ] [MainThread]:   use_credential_provider: None
[0m12:12:45.383168 [info ] [MainThread]:   attach: None
[0m12:12:45.383519 [info ] [MainThread]:   filesystems: None
[0m12:12:45.383846 [info ] [MainThread]:   remote: None
[0m12:12:45.384153 [info ] [MainThread]:   plugins: None
[0m12:12:45.384466 [info ] [MainThread]:   disable_transactions: False
[0m12:12:45.385031 [info ] [MainThread]: Registered adapter: duckdb=1.10.1
[0m12:12:45.690774 [debug] [MainThread]: Acquiring new duckdb connection 'debug'
[0m12:12:47.939532 [debug] [MainThread]: Using duckdb connection "debug"
[0m12:12:47.939894 [debug] [MainThread]: On debug: select 1 as id
[0m12:12:47.940168 [debug] [MainThread]: Opening a new connection, currently in state init
[0m12:12:47.957729 [debug] [MainThread]: SQL status: OK in 0.018 seconds
[0m12:12:47.958565 [debug] [MainThread]: On debug: Close
[0m12:12:47.958900 [info ] [MainThread]:   Connection test: [[32mOK connection ok[0m]

[0m12:12:47.959298 [info ] [MainThread]: [32mAll checks passed![0m
[0m12:12:47.959685 [info ] [MainThread]: Your new dbt project "advisor_analytics" was created!
Initialized new project in C:\Users\rmont\Desktop\FinanceBIProject\advisor_analytics\advisor_analytics

For more information on how to configure the profiles.yml file,
please consult the dbt documentation here:

  https://docs.getdbt.com/docs/configure-your-profile

One more thing:

Need help? Don't hesitate to reach out to us via GitHub issues or on Slack:

  https://community.getdbt.com/

Happy modeling!

[0m12:12:47.960609 [debug] [MainThread]: Command `dbt init` succeeded at 12:12:47.960501 after 41.56 seconds
[0m12:12:47.960901 [debug] [MainThread]: Connection 'debug' was properly closed.
[0m12:12:47.961206 [debug] [MainThread]: Sending event: {'category': 'dbt', 'action': 'invocation', 'label': 'end', 'context': [<snowplow_tracker.self_describing_json.SelfDescribingJson object at 0x000001DA9A4222C0>, <snowplow_tracker.self_describing_json.SelfDescribingJson object at 0x000001DA9A77E570>, <snowplow_tracker.self_describing_json.SelfDescribingJson object at 0x000001DA9A69F570>]}
[0m12:12:47.961609 [debug] [MainThread]: Flushing usage events
[0m12:12:48.498462 [debug] [MainThread]: An error was encountered while trying to flush usage events
[0m12:46:30.413995 [debug] [MainThread]: Sending event: {'category': 'dbt', 'action': 'invocation', 'label': 'start', 'context': [<snowplow_tracker.self_describing_json.SelfDescribingJson object at 0x000002007C8B06E0>, <snowplow_tracker.self_describing_json.SelfDescribingJson object at 0x0000020079D74A50>, <snowplow_tracker.self_describing_json.SelfDescribingJson object at 0x000002007EE3F890>]}


============================== 12:46:30.418024 | d357fda8-40f9-4210-8375-e9dc08d2a432 ==============================
[0m12:46:30.418024 [info ] [MainThread]: Running with dbt=1.12.0
[0m12:46:30.418592 [debug] [MainThread]: running dbt with arguments {'maximum_seed_size_mib': '1', 'no_print': 'None', 'version_check': 'True', 'warn_error_options': 'WarnErrorOptionsV2(error=[], warn=[], silence=[])', 'static_parser': 'True', 'target_path': 'None', 'printer_width': '80', 'write_json': 'True', 'empty': 'False', 'log_cache_events': 'False', 'introspect': 'True', 'cache_selected_only': 'False', 'log_format': 'default', 'debug': 'False', 'fail_fast': 'False', 'profiles_dir': 'C:\\Users\\rmont\\.dbt', 'send_anonymous_usage_stats': 'True', 'quiet': 'False', 'warn_error': 'None', 'partial_parse': 'True', 'use_colors': 'True', 'hints_enabled': 'True', 'indirect_selection': 'eager', 'use_experimental_parser': 'False', 'invocation_command': 'dbt run --select stg_advisors', 'log_path': 'logs'}
[0m12:46:30.419050 [error] [MainThread]: [[31mERROR[0m]: Encountered an error:
Runtime Error
  No dbt_project.yml found at expected path C:\Users\rmont\Desktop\FinanceBIProject\dbt_project.yml
  Verify that each entry within packages.yml (and their transitive dependencies) contains a file named dbt_project.yml
  
[0m12:46:30.419872 [debug] [MainThread]: Command `dbt run` failed at 12:46:30.419761 after 0.13 seconds
[0m12:46:30.420200 [debug] [MainThread]: Sending event: {'category': 'dbt', 'action': 'invocation', 'label': 'end', 'context': [<snowplow_tracker.self_describing_json.SelfDescribingJson object at 0x000002007EDA9CD0>, <snowplow_tracker.self_describing_json.SelfDescribingJson object at 0x000002007EEF4050>, <snowplow_tracker.self_describing_json.SelfDescribingJson object at 0x000002007EE749E0>]}
[0m12:46:30.420541 [debug] [MainThread]: Flushing usage events
[0m12:46:30.936422 [debug] [MainThread]: An error was encountered while trying to flush usage events
